. 2016-12-29 22:16:11.420 --------------------------------------------------------------------------
. 2016-12-29 22:16:11.420 WinSCP Version 5.9.3 (Build 7136) (OS 10.0.14393 - Windows 10 Home)
. 2016-12-29 22:16:11.420 Configuration: HKCU\Software\Martin Prikryl\WinSCP 2\
. 2016-12-29 22:16:11.421 Log level: Normal
. 2016-12-29 22:16:11.421 Local account: THINK-MURPHYTUT\zhangst
. 2016-12-29 22:16:11.421 Working directory: C:\Program Files\Git\git\subproc\upload
. 2016-12-29 22:16:11.421 Process ID: 9476
. 2016-12-29 22:16:11.421 Command-line: "C:\Program Files (x86)\WinSCP\WinSCP.exe" /console=593 /consoleinstance=_4944_312 "/script=C:\Program Files\Git\git\subproc\run-sftp.txt" "/log=C:\Program Files\Git\git\subproc\upload.log" 
. 2016-12-29 22:16:11.421 Time zone: Current: GMT+8 (China Standard Time), No DST
. 2016-12-29 22:16:11.422 Login time: Thursday, December 29, 2016 10:16:11 PM
. 2016-12-29 22:16:11.422 --------------------------------------------------------------------------
. 2016-12-29 22:16:11.422 Script: Retrospectively logging previous script records:
> 2016-12-29 22:16:11.422 Script: open sftp://svc_sftp:***@sftp.clamc.com.hk/
. 2016-12-29 22:16:11.422 --------------------------------------------------------------------------
. 2016-12-29 22:16:11.422 Session name: svc_sftp@sftp.clamc.com.hk (Ad-Hoc site)
. 2016-12-29 22:16:11.422 Host name: sftp.clamc.com.hk (Port: 22)
. 2016-12-29 22:16:11.422 User name: svc_sftp (Password: Yes, Key file: No, Passphrase: No)
. 2016-12-29 22:16:11.422 Tunnel: No
. 2016-12-29 22:16:11.422 Transfer Protocol: SFTP
. 2016-12-29 22:16:11.422 Ping type: Off, Ping interval: 30 sec; Timeout: 15 sec
. 2016-12-29 22:16:11.422 Disable Nagle: No
. 2016-12-29 22:16:11.422 Proxy: None
. 2016-12-29 22:16:11.422 Send buffer: 262144
. 2016-12-29 22:16:11.422 SSH protocol version: 2; Compression: No
. 2016-12-29 22:16:11.422 Bypass authentication: No
. 2016-12-29 22:16:11.422 Try agent: Yes; Agent forwarding: No; TIS/CryptoCard: No; KI: Yes; GSSAPI: No
. 2016-12-29 22:16:11.422 Ciphers: aes,chacha20,blowfish,3des,WARN,arcfour,des; Ssh2DES: No
. 2016-12-29 22:16:11.422 KEX: ecdh,dh-gex-sha1,dh-group14-sha1,rsa,WARN,dh-group1-sha1
. 2016-12-29 22:16:11.422 SSH Bugs: Auto,Auto,Auto,Auto,Auto,Auto,Auto,Auto,Auto,Auto,Auto,Auto
. 2016-12-29 22:16:11.422 Simple channel: Yes
. 2016-12-29 22:16:11.422 Return code variable: Autodetect; Lookup user groups: Auto
. 2016-12-29 22:16:11.422 Shell: default
. 2016-12-29 22:16:11.422 EOL: LF, UTF: Auto
. 2016-12-29 22:16:11.422 Clear aliases: Yes, Unset nat.vars: Yes, Resolve symlinks: Yes; Follow directory symlinks: No
. 2016-12-29 22:16:11.422 LS: ls -la, Ign LS warn: Yes, Scp1 Comp: No
. 2016-12-29 22:16:11.422 SFTP Bugs: Auto,Auto
. 2016-12-29 22:16:11.422 SFTP Server: default
. 2016-12-29 22:16:11.422 Local directory: default, Remote directory: home, Update: Yes, Cache: Yes
. 2016-12-29 22:16:11.422 Cache directory changes: Yes, Permanent: Yes
. 2016-12-29 22:16:11.422 Recycle bin: Delete to: No, Overwritten to: No, Bin path: 
. 2016-12-29 22:16:11.422 DST mode: Unix
. 2016-12-29 22:16:11.422 --------------------------------------------------------------------------
. 2016-12-29 22:16:11.423 Looking up host "sftp.clamc.com.hk" for SSH connection
. 2016-12-29 22:16:11.430 Connecting to 203.86.144.57 port 22
. 2016-12-29 22:16:32.443 Failed to connect to 203.86.144.57: Network error: Connection timed out
. 2016-12-29 22:16:32.443 Knocking FTP port.
. 2016-12-29 22:16:34.454 FTP port did not open.
. 2016-12-29 22:21:38.239 --------------------------------------------------------------------------
. 2016-12-29 22:21:38.240 WinSCP Version 5.9.3 (Build 7136) (OS 10.0.14393 - Windows 10 Home)
. 2016-12-29 22:21:38.240 Configuration: HKCU\Software\Martin Prikryl\WinSCP 2\
. 2016-12-29 22:21:38.240 Log level: Normal
. 2016-12-29 22:21:38.240 Local account: THINK-MURPHYTUT\zhangst
. 2016-12-29 22:21:38.240 Working directory: C:\Program Files\Git\git\subproc\upload
. 2016-12-29 22:21:38.240 Process ID: 5032
. 2016-12-29 22:21:38.240 Command-line: "C:\Program Files (x86)\WinSCP\WinSCP.exe" /console=593 /consoleinstance=_11076_127 "/script=C:\Program Files\Git\git\subproc\run-sftp.txt" "/log=C:\Program Files\Git\git\subproc\upload.log" 
. 2016-12-29 22:21:38.240 Time zone: Current: GMT+8 (China Standard Time), No DST
. 2016-12-29 22:21:38.241 Login time: Thursday, December 29, 2016 10:21:38 PM
. 2016-12-29 22:21:38.241 --------------------------------------------------------------------------
. 2016-12-29 22:21:38.241 Script: Retrospectively logging previous script records:
> 2016-12-29 22:21:38.241 Script: open sftp://svc_sftp:***@sftp.clamc.com.hk/
. 2016-12-29 22:21:38.241 --------------------------------------------------------------------------
. 2016-12-29 22:21:38.241 Session name: svc_sftp@sftp.clamc.com.hk (Ad-Hoc site)
. 2016-12-29 22:21:38.241 Host name: sftp.clamc.com.hk (Port: 22)
. 2016-12-29 22:21:38.241 User name: svc_sftp (Password: Yes, Key file: No, Passphrase: No)
. 2016-12-29 22:21:38.241 Tunnel: No
. 2016-12-29 22:21:38.241 Transfer Protocol: SFTP
. 2016-12-29 22:21:38.241 Ping type: Off, Ping interval: 30 sec; Timeout: 15 sec
. 2016-12-29 22:21:38.241 Disable Nagle: No
. 2016-12-29 22:21:38.241 Proxy: None
. 2016-12-29 22:21:38.241 Send buffer: 262144
. 2016-12-29 22:21:38.241 SSH protocol version: 2; Compression: No
. 2016-12-29 22:21:38.241 Bypass authentication: No
. 2016-12-29 22:21:38.241 Try agent: Yes; Agent forwarding: No; TIS/CryptoCard: No; KI: Yes; GSSAPI: No
. 2016-12-29 22:21:38.241 Ciphers: aes,chacha20,blowfish,3des,WARN,arcfour,des; Ssh2DES: No
. 2016-12-29 22:21:38.241 KEX: ecdh,dh-gex-sha1,dh-group14-sha1,rsa,WARN,dh-group1-sha1
. 2016-12-29 22:21:38.241 SSH Bugs: Auto,Auto,Auto,Auto,Auto,Auto,Auto,Auto,Auto,Auto,Auto,Auto
. 2016-12-29 22:21:38.241 Simple channel: Yes
. 2016-12-29 22:21:38.241 Return code variable: Autodetect; Lookup user groups: Auto
. 2016-12-29 22:21:38.241 Shell: default
. 2016-12-29 22:21:38.241 EOL: LF, UTF: Auto
. 2016-12-29 22:21:38.241 Clear aliases: Yes, Unset nat.vars: Yes, Resolve symlinks: Yes; Follow directory symlinks: No
. 2016-12-29 22:21:38.241 LS: ls -la, Ign LS warn: Yes, Scp1 Comp: No
. 2016-12-29 22:21:38.241 SFTP Bugs: Auto,Auto
. 2016-12-29 22:21:38.241 SFTP Server: default
. 2016-12-29 22:21:38.241 Local directory: default, Remote directory: home, Update: Yes, Cache: Yes
. 2016-12-29 22:21:38.241 Cache directory changes: Yes, Permanent: Yes
. 2016-12-29 22:21:38.241 Recycle bin: Delete to: No, Overwritten to: No, Bin path: 
. 2016-12-29 22:21:38.241 DST mode: Unix
. 2016-12-29 22:21:38.241 --------------------------------------------------------------------------
. 2016-12-29 22:21:38.242 Looking up host "sftp.clamc.com.hk" for SSH connection
. 2016-12-29 22:21:38.248 Connecting to 203.86.144.57 port 22
. 2016-12-29 22:21:59.271 Failed to connect to 203.86.144.57: Network error: Connection timed out
. 2016-12-29 22:21:59.271 Knocking FTP port.
. 2016-12-29 22:22:01.285 FTP port did not open.
. 2016-12-29 22:30:09.078 --------------------------------------------------------------------------
. 2016-12-29 22:30:09.078 WinSCP Version 5.9.3 (Build 7136) (OS 10.0.14393 - Windows 10 Home)
. 2016-12-29 22:30:09.078 Configuration: HKCU\Software\Martin Prikryl\WinSCP 2\
. 2016-12-29 22:30:09.078 Log level: Normal
. 2016-12-29 22:30:09.078 Local account: THINK-MURPHYTUT\zhangst
. 2016-12-29 22:30:09.078 Working directory: C:\Program Files\Git\git\subproc\upload
. 2016-12-29 22:30:09.078 Process ID: 11364
. 2016-12-29 22:30:09.079 Command-line: "C:\Program Files (x86)\WinSCP\WinSCP.exe" /console=593 /consoleinstance=_6240_719 "/script=C:\Program Files\Git\git\subproc\run-sftp.txt" "/log=C:\Program Files\Git\git\subproc\upload.log" 
. 2016-12-29 22:30:09.079 Time zone: Current: GMT+8 (China Standard Time), No DST
. 2016-12-29 22:30:09.079 Login time: Thursday, December 29, 2016 10:30:09 PM
. 2016-12-29 22:30:09.079 --------------------------------------------------------------------------
. 2016-12-29 22:30:09.079 Script: Retrospectively logging previous script records:
> 2016-12-29 22:30:09.079 Script: open sftp://demo:***@test.rebex.net/
. 2016-12-29 22:30:09.079 --------------------------------------------------------------------------
. 2016-12-29 22:30:09.079 Session name: demo@test.rebex.net (Ad-Hoc site)
. 2016-12-29 22:30:09.079 Host name: test.rebex.net (Port: 22)
. 2016-12-29 22:30:09.079 User name: demo (Password: Yes, Key file: No, Passphrase: No)
. 2016-12-29 22:30:09.079 Tunnel: No
. 2016-12-29 22:30:09.079 Transfer Protocol: SFTP
. 2016-12-29 22:30:09.079 Ping type: Off, Ping interval: 30 sec; Timeout: 15 sec
. 2016-12-29 22:30:09.079 Disable Nagle: No
. 2016-12-29 22:30:09.079 Proxy: None
. 2016-12-29 22:30:09.079 Send buffer: 262144
. 2016-12-29 22:30:09.079 SSH protocol version: 2; Compression: No
. 2016-12-29 22:30:09.079 Bypass authentication: No
. 2016-12-29 22:30:09.079 Try agent: Yes; Agent forwarding: No; TIS/CryptoCard: No; KI: Yes; GSSAPI: No
. 2016-12-29 22:30:09.079 Ciphers: aes,chacha20,blowfish,3des,WARN,arcfour,des; Ssh2DES: No
. 2016-12-29 22:30:09.080 KEX: ecdh,dh-gex-sha1,dh-group14-sha1,rsa,WARN,dh-group1-sha1
. 2016-12-29 22:30:09.080 SSH Bugs: Auto,Auto,Auto,Auto,Auto,Auto,Auto,Auto,Auto,Auto,Auto,Auto
. 2016-12-29 22:30:09.080 Simple channel: Yes
. 2016-12-29 22:30:09.080 Return code variable: Autodetect; Lookup user groups: Auto
. 2016-12-29 22:30:09.080 Shell: default
. 2016-12-29 22:30:09.080 EOL: LF, UTF: Auto
. 2016-12-29 22:30:09.080 Clear aliases: Yes, Unset nat.vars: Yes, Resolve symlinks: Yes; Follow directory symlinks: No
. 2016-12-29 22:30:09.080 LS: ls -la, Ign LS warn: Yes, Scp1 Comp: No
. 2016-12-29 22:30:09.080 SFTP Bugs: Auto,Auto
. 2016-12-29 22:30:09.080 SFTP Server: default
. 2016-12-29 22:30:09.080 Local directory: default, Remote directory: home, Update: Yes, Cache: Yes
. 2016-12-29 22:30:09.080 Cache directory changes: Yes, Permanent: Yes
. 2016-12-29 22:30:09.080 Recycle bin: Delete to: No, Overwritten to: No, Bin path: 
. 2016-12-29 22:30:09.080 DST mode: Unix
. 2016-12-29 22:30:09.080 --------------------------------------------------------------------------
. 2016-12-29 22:30:09.080 Looking up host "test.rebex.net" for SSH connection
. 2016-12-29 22:30:09.087 Connecting to 195.144.107.198 port 22
. 2016-12-29 22:30:09.397 We claim version: SSH-2.0-WinSCP_release_5.9.3
. 2016-12-29 22:30:09.700 Server version: SSH-2.0-RebexSSH_1.0.6194.0
. 2016-12-29 22:30:09.700 We believe remote version has SSH-2 channel request bug
. 2016-12-29 22:30:09.700 Using SSH protocol version 2
. 2016-12-29 22:30:09.701 Have a known host key of type ssh-ed25519
. 2016-12-29 22:30:09.727 Doing ECDH key exchange with curve Curve25519 and hash SHA-256
. 2016-12-29 22:30:11.199 Server also has ecdsa-sha2-nistp256/ssh-rsa host keys, but we don't know any of them
. 2016-12-29 22:30:11.203 Host key fingerprint is:
. 2016-12-29 22:30:11.203 ssh-ed25519 256 e7:e4:45:c6:b8:e4:bb:d8:68:89:27:86:fd:01:58:f0
. 2016-12-29 22:30:11.203 Verifying host key ssh-ed25519 0x4ee8a1fd4fd98ffc 3b24c87e10b5895c 68f654f2ae25a60d e21928dc450934,0x4489710d8c91f14a 0f4d912da249df0a 54f062fce5a71b10 2ffcc7895fcc57e7  with fingerprint ssh-ed25519 256 e7:e4:45:c6:b8:e4:bb:d8:68:89:27:86:fd:01:58:f0
. 2016-12-29 22:30:11.204 Host key matches cached key
. 2016-12-29 22:30:11.205 Initialised AES-256 SDCTR client->server encryption
. 2016-12-29 22:30:11.205 Initialised HMAC-SHA-256 client->server MAC algorithm
. 2016-12-29 22:30:11.205 Initialised AES-256 SDCTR server->client encryption
. 2016-12-29 22:30:11.205 Initialised HMAC-SHA-256 server->client MAC algorithm
! 2016-12-29 22:30:12.030 Using username "demo".
. 2016-12-29 22:30:12.329 Server offered these authentication methods: password,keyboard-interactive
. 2016-12-29 22:30:12.330 Attempting keyboard-interactive authentication
. 2016-12-29 22:30:12.629 Prompt (keyboard interactive, "SSH server authentication", "Using keyboard-interactive authentication.", "Password: ")
. 2016-12-29 22:30:12.629 Using stored password.
. 2016-12-29 22:30:12.941 Access granted
. 2016-12-29 22:30:12.941 Opening session as main channel
. 2016-12-29 22:30:13.260 Opened main channel
. 2016-12-29 22:30:14.056 Started a shell/command
. 2016-12-29 22:30:14.056 --------------------------------------------------------------------------
. 2016-12-29 22:30:14.056 Using SFTP protocol.
. 2016-12-29 22:30:14.056 Doing startup conversation with host.
> 2016-12-29 22:30:14.058 Type: SSH_FXP_INIT, Size: 5, Number: -1
< 2016-12-29 22:30:14.411 Type: SSH_FXP_VERSION, Size: 22, Number: -1
. 2016-12-29 22:30:14.411 SFTP version 4 negotiated.
. 2016-12-29 22:30:14.411 Server requests EOL sequence "\r\n".
. 2016-12-29 22:30:14.411 We will use UTF-8 strings as it is mandatory with SFTP version 4 and newer
. 2016-12-29 22:30:14.411 Getting current directory name.
. 2016-12-29 22:30:14.411 Getting real path for '.'
> 2016-12-29 22:30:14.411 Type: SSH_FXP_REALPATH, Size: 10, Number: 16
< 2016-12-29 22:30:14.710 Type: SSH_FXP_NAME, Size: 19, Number: 16
. 2016-12-29 22:30:14.710 Real path is '/'
. 2016-12-29 22:30:14.710 Startup conversation with host finished.
< 2016-12-29 22:30:14.710 Script: Active session: [1] demo@test.rebex.net
> 2016-12-29 22:30:14.713 Script: cd pub/example
. 2016-12-29 22:30:14.713 Changing directory to "pub/example".
. 2016-12-29 22:30:14.713 Getting real path for '/pub/example'
> 2016-12-29 22:30:14.713 Type: SSH_FXP_REALPATH, Size: 21, Number: 272
< 2016-12-29 22:30:15.131 Type: SSH_FXP_NAME, Size: 30, Number: 272
. 2016-12-29 22:30:15.131 Real path is '/pub/example'
. 2016-12-29 22:30:15.131 Trying to open directory "/pub/example".
> 2016-12-29 22:30:15.131 Type: SSH_FXP_LSTAT, Size: 25, Number: 519
< 2016-12-29 22:30:15.437 Type: SSH_FXP_ATTRS, Size: 46, Number: 519
. 2016-12-29 22:30:15.437 Getting current directory name.
< 2016-12-29 22:30:15.437 Script: /pub/example
> 2016-12-29 22:30:15.439 Script: get ConsoleClient.png
. 2016-12-29 22:30:15.439 Listing file "ConsoleClient.png".
> 2016-12-29 22:30:15.439 Type: SSH_FXP_LSTAT, Size: 43, Number: 775
< 2016-12-29 22:30:15.765 Type: SSH_FXP_ATTRS, Size: 46, Number: 775
. 2016-12-29 22:30:15.765 ConsoleClient.png;-;14280;2007-03-19T19:52:59.000Z;3;"" [0];"" [0];rw-------;0
. 2016-12-29 22:30:15.765 Copying 1 files/directories to local directory "C:\Program Files\Git\git\subproc\upload"
. 2016-12-29 22:30:15.765   PrTime: Yes; PrRO: No; Rght: rw-r--r--; PrR: No (No); FnCs: N; RIC: 0100; Resume: S (102400); CalcS: No; Mask: 
. 2016-12-29 22:30:15.765   TM: B; ClAr: No; RemEOF: No; RemBOM: No; CPS: 0; NewerOnly: No; InclM: ; ResumeL: 0
. 2016-12-29 22:30:15.765   AscM: *.*html; *.htm; *.txt; *.php; *.php3; *.cgi; *.c; *.cpp; *.h; *.pas; *.bas; *.tex; *.pl; *.js; .htaccess; *.xtml; *.css; *.cfg; *.ini; *.sh; *.xml
. 2016-12-29 22:30:15.765 File: '/pub/example/ConsoleClient.png' [2007-03-19T19:52:59.000Z] [14280]
. 2016-12-29 22:30:15.766 Copying "/pub/example/ConsoleClient.png" to local directory started.
. 2016-12-29 22:30:15.766 Binary transfer mode selected.
. 2016-12-29 22:30:15.766 Opening remote file.
> 2016-12-29 22:30:15.766 Type: SSH_FXP_OPEN, Size: 48, Number: 1027
< 2016-12-29 22:30:16.074 Type: SSH_FXP_HANDLE, Size: 13, Number: 1027
> 2016-12-29 22:30:16.075 Type: SSH_FXP_FSTAT, Size: 17, Number: 1288
< 2016-12-29 22:30:16.374 Type: SSH_FXP_ATTRS, Size: 46, Number: 1288
> 2016-12-29 22:30:16.375 Type: SSH_FXP_READ, Size: 25, Number: 1541
< 2016-12-29 22:30:17.604 Status code: 1
. 2016-12-29 22:30:17.604 3 skipped SSH_FXP_WRITE, SSH_FXP_READ, SSH_FXP_DATA and SSH_FXP_STATUS packets.
> 2016-12-29 22:30:17.604 Type: SSH_FXP_CLOSE, Size: 13, Number: 2052
. 2016-12-29 22:30:17.604 Preserving timestamp [2007-03-19T19:52:59.000Z]
. 2016-12-29 22:30:17.605 Transfer done: '/pub/example/ConsoleClient.png' [14280]
> 2016-12-29 22:30:17.605 Script: exit
. 2016-12-29 22:30:17.605 Script: Exit code: 0
. 2016-12-29 22:30:17.605 Closing connection.
. 2016-12-29 22:30:17.605 Sending special code: 12
. 2016-12-29 22:30:17.605 Sent EOF message
. 2016-12-29 22:54:37.595 --------------------------------------------------------------------------
. 2016-12-29 22:54:37.596 WinSCP Version 5.9.3 (Build 7136) (OS 10.0.14393 - Windows 10 Home)
. 2016-12-29 22:54:37.596 Configuration: HKCU\Software\Martin Prikryl\WinSCP 2\
. 2016-12-29 22:54:37.596 Log level: Normal
. 2016-12-29 22:54:37.596 Local account: THINK-MURPHYTUT\zhangst
. 2016-12-29 22:54:37.596 Working directory: C:\Program Files\Git\git\subproc
. 2016-12-29 22:54:37.596 Process ID: 5868
. 2016-12-29 22:54:37.596 Command-line: "C:\Program Files (x86)\WinSCP\WinSCP.exe" /console=593 /consoleinstance=_6752_396 "/script=C:\Program Files\Git\git\subproc\run-sftp.txt" "/log=C:\Program Files\Git\git\subproc\upload.log" 
. 2016-12-29 22:54:37.596 Time zone: Current: GMT+8 (China Standard Time), No DST
. 2016-12-29 22:54:37.597 Login time: Thursday, December 29, 2016 10:54:37 PM
. 2016-12-29 22:54:37.597 --------------------------------------------------------------------------
. 2016-12-29 22:54:37.597 Script: Retrospectively logging previous script records:
> 2016-12-29 22:54:37.597 Script: open sftp://demo:***@test.rebex.net/
. 2016-12-29 22:54:37.597 --------------------------------------------------------------------------
. 2016-12-29 22:54:37.597 Session name: demo@test.rebex.net (Ad-Hoc site)
. 2016-12-29 22:54:37.597 Host name: test.rebex.net (Port: 22)
. 2016-12-29 22:54:37.597 User name: demo (Password: Yes, Key file: No, Passphrase: No)
. 2016-12-29 22:54:37.597 Tunnel: No
. 2016-12-29 22:54:37.597 Transfer Protocol: SFTP
. 2016-12-29 22:54:37.597 Ping type: Off, Ping interval: 30 sec; Timeout: 15 sec
. 2016-12-29 22:54:37.597 Disable Nagle: No
. 2016-12-29 22:54:37.597 Proxy: None
. 2016-12-29 22:54:37.597 Send buffer: 262144
. 2016-12-29 22:54:37.597 SSH protocol version: 2; Compression: No
. 2016-12-29 22:54:37.597 Bypass authentication: No
. 2016-12-29 22:54:37.597 Try agent: Yes; Agent forwarding: No; TIS/CryptoCard: No; KI: Yes; GSSAPI: No
. 2016-12-29 22:54:37.597 Ciphers: aes,chacha20,blowfish,3des,WARN,arcfour,des; Ssh2DES: No
. 2016-12-29 22:54:37.597 KEX: ecdh,dh-gex-sha1,dh-group14-sha1,rsa,WARN,dh-group1-sha1
. 2016-12-29 22:54:37.597 SSH Bugs: Auto,Auto,Auto,Auto,Auto,Auto,Auto,Auto,Auto,Auto,Auto,Auto
. 2016-12-29 22:54:37.597 Simple channel: Yes
. 2016-12-29 22:54:37.597 Return code variable: Autodetect; Lookup user groups: Auto
. 2016-12-29 22:54:37.597 Shell: default
. 2016-12-29 22:54:37.597 EOL: LF, UTF: Auto
. 2016-12-29 22:54:37.597 Clear aliases: Yes, Unset nat.vars: Yes, Resolve symlinks: Yes; Follow directory symlinks: No
. 2016-12-29 22:54:37.597 LS: ls -la, Ign LS warn: Yes, Scp1 Comp: No
. 2016-12-29 22:54:37.597 SFTP Bugs: Auto,Auto
. 2016-12-29 22:54:37.597 SFTP Server: default
. 2016-12-29 22:54:37.597 Local directory: default, Remote directory: home, Update: Yes, Cache: Yes
. 2016-12-29 22:54:37.597 Cache directory changes: Yes, Permanent: Yes
. 2016-12-29 22:54:37.597 Recycle bin: Delete to: No, Overwritten to: No, Bin path: 
. 2016-12-29 22:54:37.597 DST mode: Unix
. 2016-12-29 22:54:37.597 --------------------------------------------------------------------------
. 2016-12-29 22:54:37.598 Looking up host "test.rebex.net" for SSH connection
. 2016-12-29 22:54:38.424 Connecting to 195.144.107.198 port 22
. 2016-12-29 22:54:38.720 We claim version: SSH-2.0-WinSCP_release_5.9.3
. 2016-12-29 22:54:39.026 Server version: SSH-2.0-RebexSSH_1.0.6194.0
. 2016-12-29 22:54:39.026 We believe remote version has SSH-2 channel request bug
. 2016-12-29 22:54:39.026 Using SSH protocol version 2
. 2016-12-29 22:54:39.026 Have a known host key of type ssh-ed25519
. 2016-12-29 22:54:39.027 Doing ECDH key exchange with curve Curve25519 and hash SHA-256
. 2016-12-29 22:54:40.450 Server also has ecdsa-sha2-nistp256/ssh-rsa host keys, but we don't know any of them
. 2016-12-29 22:54:40.453 Host key fingerprint is:
. 2016-12-29 22:54:40.453 ssh-ed25519 256 e7:e4:45:c6:b8:e4:bb:d8:68:89:27:86:fd:01:58:f0
. 2016-12-29 22:54:40.453 Verifying host key ssh-ed25519 0x4ee8a1fd4fd98ffc 3b24c87e10b5895c 68f654f2ae25a60d e21928dc450934,0x4489710d8c91f14a 0f4d912da249df0a 54f062fce5a71b10 2ffcc7895fcc57e7  with fingerprint ssh-ed25519 256 e7:e4:45:c6:b8:e4:bb:d8:68:89:27:86:fd:01:58:f0
. 2016-12-29 22:54:40.453 Host key matches cached key
. 2016-12-29 22:54:40.454 Initialised AES-256 SDCTR client->server encryption
. 2016-12-29 22:54:40.454 Initialised HMAC-SHA-256 client->server MAC algorithm
. 2016-12-29 22:54:40.454 Initialised AES-256 SDCTR server->client encryption
. 2016-12-29 22:54:40.454 Initialised HMAC-SHA-256 server->client MAC algorithm
! 2016-12-29 22:54:41.239 Using username "demo".
. 2016-12-29 22:54:41.529 Server offered these authentication methods: password,keyboard-interactive
. 2016-12-29 22:54:41.529 Attempting keyboard-interactive authentication
. 2016-12-29 22:54:41.819 Prompt (keyboard interactive, "SSH server authentication", "Using keyboard-interactive authentication.", "Password: ")
. 2016-12-29 22:54:41.819 Using stored password.
. 2016-12-29 22:54:42.115 Access granted
. 2016-12-29 22:54:42.115 Opening session as main channel
. 2016-12-29 22:54:42.455 Opened main channel
. 2016-12-29 22:54:43.235 Started a shell/command
. 2016-12-29 22:54:43.236 --------------------------------------------------------------------------
. 2016-12-29 22:54:43.236 Using SFTP protocol.
. 2016-12-29 22:54:43.236 Doing startup conversation with host.
> 2016-12-29 22:54:43.236 Type: SSH_FXP_INIT, Size: 5, Number: -1
< 2016-12-29 22:54:43.533 Type: SSH_FXP_VERSION, Size: 22, Number: -1
. 2016-12-29 22:54:43.533 SFTP version 4 negotiated.
. 2016-12-29 22:54:43.533 Server requests EOL sequence "\r\n".
. 2016-12-29 22:54:43.533 We will use UTF-8 strings as it is mandatory with SFTP version 4 and newer
. 2016-12-29 22:54:43.533 Getting current directory name.
. 2016-12-29 22:54:43.533 Getting real path for '.'
> 2016-12-29 22:54:43.533 Type: SSH_FXP_REALPATH, Size: 10, Number: 16
< 2016-12-29 22:54:43.840 Type: SSH_FXP_NAME, Size: 19, Number: 16
. 2016-12-29 22:54:43.840 Real path is '/'
. 2016-12-29 22:54:43.840 Startup conversation with host finished.
< 2016-12-29 22:54:43.841 Script: Active session: [1] demo@test.rebex.net
> 2016-12-29 22:54:43.852 Script: cd pub/example
. 2016-12-29 22:54:43.852 Cached directory change via "pub/example" to "/pub/example".
. 2016-12-29 22:54:43.852 Getting current directory name.
< 2016-12-29 22:54:43.852 Script: /pub/example
> 2016-12-29 22:54:43.856 Script: get ConsoleClient.png
. 2016-12-29 22:54:43.856 Listing file "ConsoleClient.png".
> 2016-12-29 22:54:43.856 Type: SSH_FXP_LSTAT, Size: 43, Number: 263
< 2016-12-29 22:54:44.155 Type: SSH_FXP_ATTRS, Size: 46, Number: 263
. 2016-12-29 22:54:44.155 ConsoleClient.png;-;14280;2007-03-19T19:52:59.000Z;3;"" [0];"" [0];rw-------;0
. 2016-12-29 22:54:44.155 Copying 1 files/directories to local directory "C:\Program Files\Git\git\subproc"
. 2016-12-29 22:54:44.155   PrTime: Yes; PrRO: No; Rght: rw-r--r--; PrR: No (No); FnCs: N; RIC: 0100; Resume: S (102400); CalcS: No; Mask: 
. 2016-12-29 22:54:44.155   TM: B; ClAr: No; RemEOF: No; RemBOM: No; CPS: 0; NewerOnly: No; InclM: ; ResumeL: 0
. 2016-12-29 22:54:44.155   AscM: *.*html; *.htm; *.txt; *.php; *.php3; *.cgi; *.c; *.cpp; *.h; *.pas; *.bas; *.tex; *.pl; *.js; .htaccess; *.xtml; *.css; *.cfg; *.ini; *.sh; *.xml
. 2016-12-29 22:54:44.155 File: '/pub/example/ConsoleClient.png' [2007-03-19T19:52:59.000Z] [14280]
. 2016-12-29 22:54:44.155 Copying "/pub/example/ConsoleClient.png" to local directory started.
. 2016-12-29 22:54:44.155 Binary transfer mode selected.
. 2016-12-29 22:54:44.156 Opening remote file.
> 2016-12-29 22:54:44.156 Type: SSH_FXP_OPEN, Size: 48, Number: 515
< 2016-12-29 22:54:44.457 Type: SSH_FXP_HANDLE, Size: 13, Number: 515
> 2016-12-29 22:54:44.457 Type: SSH_FXP_FSTAT, Size: 17, Number: 776
< 2016-12-29 22:54:44.748 Type: SSH_FXP_ATTRS, Size: 46, Number: 776
> 2016-12-29 22:54:44.749 Type: SSH_FXP_READ, Size: 25, Number: 1029
< 2016-12-29 22:54:45.998 Status code: 1
. 2016-12-29 22:54:45.998 3 skipped SSH_FXP_WRITE, SSH_FXP_READ, SSH_FXP_DATA and SSH_FXP_STATUS packets.
> 2016-12-29 22:54:45.999 Type: SSH_FXP_CLOSE, Size: 13, Number: 1540
. 2016-12-29 22:54:45.999 Preserving timestamp [2007-03-19T19:52:59.000Z]
. 2016-12-29 22:54:45.999 Transfer done: '/pub/example/ConsoleClient.png' [14280]
> 2016-12-29 22:54:45.999 Script: exit
. 2016-12-29 22:54:46.000 Script: Exit code: 0
. 2016-12-29 22:54:46.000 Closing connection.
. 2016-12-29 22:54:46.000 Sending special code: 12
. 2016-12-29 22:54:46.000 Sent EOF message
. 2016-12-29 22:56:53.093 --------------------------------------------------------------------------
. 2016-12-29 22:56:53.093 WinSCP Version 5.9.3 (Build 7136) (OS 10.0.14393 - Windows 10 Home)
. 2016-12-29 22:56:53.094 Configuration: HKCU\Software\Martin Prikryl\WinSCP 2\
. 2016-12-29 22:56:53.094 Log level: Normal
. 2016-12-29 22:56:53.094 Local account: THINK-MURPHYTUT\zhangst
. 2016-12-29 22:56:53.094 Working directory: C:\Program Files\Git\git\subproc
. 2016-12-29 22:56:53.094 Process ID: 11600
. 2016-12-29 22:56:53.094 Command-line: "C:\Program Files (x86)\WinSCP\WinSCP.exe" /console=593 /consoleinstance=_10292_131 "/script=C:\Program Files\Git\git\subproc\run-sftp.txt" "/log=C:\Program Files\Git\git\subproc\upload.log" 
. 2016-12-29 22:56:53.094 Time zone: Current: GMT+8 (China Standard Time), No DST
. 2016-12-29 22:56:53.094 Login time: Thursday, December 29, 2016 10:56:53 PM
. 2016-12-29 22:56:53.094 --------------------------------------------------------------------------
. 2016-12-29 22:56:53.094 Script: Retrospectively logging previous script records:
> 2016-12-29 22:56:53.094 Script: open sftp://demo:***@test.rebex.net/
. 2016-12-29 22:56:53.095 --------------------------------------------------------------------------
. 2016-12-29 22:56:53.095 Session name: demo@test.rebex.net (Ad-Hoc site)
. 2016-12-29 22:56:53.095 Host name: test.rebex.net (Port: 22)
. 2016-12-29 22:56:53.095 User name: demo (Password: Yes, Key file: No, Passphrase: No)
. 2016-12-29 22:56:53.095 Tunnel: No
. 2016-12-29 22:56:53.095 Transfer Protocol: SFTP
. 2016-12-29 22:56:53.095 Ping type: Off, Ping interval: 30 sec; Timeout: 15 sec
. 2016-12-29 22:56:53.095 Disable Nagle: No
. 2016-12-29 22:56:53.095 Proxy: None
. 2016-12-29 22:56:53.095 Send buffer: 262144
. 2016-12-29 22:56:53.095 SSH protocol version: 2; Compression: No
. 2016-12-29 22:56:53.095 Bypass authentication: No
. 2016-12-29 22:56:53.095 Try agent: Yes; Agent forwarding: No; TIS/CryptoCard: No; KI: Yes; GSSAPI: No
. 2016-12-29 22:56:53.095 Ciphers: aes,chacha20,blowfish,3des,WARN,arcfour,des; Ssh2DES: No
. 2016-12-29 22:56:53.095 KEX: ecdh,dh-gex-sha1,dh-group14-sha1,rsa,WARN,dh-group1-sha1
. 2016-12-29 22:56:53.095 SSH Bugs: Auto,Auto,Auto,Auto,Auto,Auto,Auto,Auto,Auto,Auto,Auto,Auto
. 2016-12-29 22:56:53.095 Simple channel: Yes
. 2016-12-29 22:56:53.095 Return code variable: Autodetect; Lookup user groups: Auto
. 2016-12-29 22:56:53.095 Shell: default
. 2016-12-29 22:56:53.095 EOL: LF, UTF: Auto
. 2016-12-29 22:56:53.095 Clear aliases: Yes, Unset nat.vars: Yes, Resolve symlinks: Yes; Follow directory symlinks: No
. 2016-12-29 22:56:53.095 LS: ls -la, Ign LS warn: Yes, Scp1 Comp: No
. 2016-12-29 22:56:53.095 SFTP Bugs: Auto,Auto
. 2016-12-29 22:56:53.095 SFTP Server: default
. 2016-12-29 22:56:53.095 Local directory: default, Remote directory: home, Update: Yes, Cache: Yes
. 2016-12-29 22:56:53.095 Cache directory changes: Yes, Permanent: Yes
. 2016-12-29 22:56:53.095 Recycle bin: Delete to: No, Overwritten to: No, Bin path: 
. 2016-12-29 22:56:53.095 DST mode: Unix
. 2016-12-29 22:56:53.095 --------------------------------------------------------------------------
. 2016-12-29 22:56:53.096 Looking up host "test.rebex.net" for SSH connection
. 2016-12-29 22:56:53.102 Connecting to 195.144.107.198 port 22
. 2016-12-29 22:56:53.395 We claim version: SSH-2.0-WinSCP_release_5.9.3
. 2016-12-29 22:56:53.682 Server version: SSH-2.0-RebexSSH_1.0.6194.0
. 2016-12-29 22:56:53.682 We believe remote version has SSH-2 channel request bug
. 2016-12-29 22:56:53.682 Using SSH protocol version 2
. 2016-12-29 22:56:53.682 Have a known host key of type ssh-ed25519
. 2016-12-29 22:56:53.683 Doing ECDH key exchange with curve Curve25519 and hash SHA-256
. 2016-12-29 22:56:55.072 Server also has ecdsa-sha2-nistp256/ssh-rsa host keys, but we don't know any of them
. 2016-12-29 22:56:55.075 Host key fingerprint is:
. 2016-12-29 22:56:55.075 ssh-ed25519 256 e7:e4:45:c6:b8:e4:bb:d8:68:89:27:86:fd:01:58:f0
. 2016-12-29 22:56:55.075 Verifying host key ssh-ed25519 0x4ee8a1fd4fd98ffc 3b24c87e10b5895c 68f654f2ae25a60d e21928dc450934,0x4489710d8c91f14a 0f4d912da249df0a 54f062fce5a71b10 2ffcc7895fcc57e7  with fingerprint ssh-ed25519 256 e7:e4:45:c6:b8:e4:bb:d8:68:89:27:86:fd:01:58:f0
. 2016-12-29 22:56:55.075 Host key matches cached key
. 2016-12-29 22:56:55.076 Initialised AES-256 SDCTR client->server encryption
. 2016-12-29 22:56:55.076 Initialised HMAC-SHA-256 client->server MAC algorithm
. 2016-12-29 22:56:55.076 Initialised AES-256 SDCTR server->client encryption
. 2016-12-29 22:56:55.076 Initialised HMAC-SHA-256 server->client MAC algorithm
! 2016-12-29 22:56:55.842 Using username "demo".
. 2016-12-29 22:56:56.129 Server offered these authentication methods: password,keyboard-interactive
. 2016-12-29 22:56:56.129 Attempting keyboard-interactive authentication
. 2016-12-29 22:56:56.416 Prompt (keyboard interactive, "SSH server authentication", "Using keyboard-interactive authentication.", "Password: ")
. 2016-12-29 22:56:56.416 Using stored password.
. 2016-12-29 22:56:56.717 Access granted
. 2016-12-29 22:56:56.717 Opening session as main channel
. 2016-12-29 22:56:57.002 Opened main channel
. 2016-12-29 22:56:57.778 Started a shell/command
. 2016-12-29 22:56:57.778 --------------------------------------------------------------------------
. 2016-12-29 22:56:57.778 Using SFTP protocol.
. 2016-12-29 22:56:57.778 Doing startup conversation with host.
> 2016-12-29 22:56:57.778 Type: SSH_FXP_INIT, Size: 5, Number: -1
< 2016-12-29 22:56:58.068 Type: SSH_FXP_VERSION, Size: 22, Number: -1
. 2016-12-29 22:56:58.068 SFTP version 4 negotiated.
. 2016-12-29 22:56:58.069 Server requests EOL sequence "\r\n".
. 2016-12-29 22:56:58.069 We will use UTF-8 strings as it is mandatory with SFTP version 4 and newer
. 2016-12-29 22:56:58.069 Getting current directory name.
. 2016-12-29 22:56:58.069 Getting real path for '.'
> 2016-12-29 22:56:58.069 Type: SSH_FXP_REALPATH, Size: 10, Number: 16
< 2016-12-29 22:56:58.354 Type: SSH_FXP_NAME, Size: 19, Number: 16
. 2016-12-29 22:56:58.354 Real path is '/'
. 2016-12-29 22:56:58.354 Startup conversation with host finished.
< 2016-12-29 22:56:58.354 Script: Active session: [1] demo@test.rebex.net
> 2016-12-29 22:56:58.355 Script: cd pub/example
. 2016-12-29 22:56:58.355 Cached directory change via "pub/example" to "/pub/example".
. 2016-12-29 22:56:58.355 Getting current directory name.
< 2016-12-29 22:56:58.355 Script: /pub/example
> 2016-12-29 22:56:58.355 Script: get ConsoleClient.png
. 2016-12-29 22:56:58.355 Listing file "ConsoleClient.png".
> 2016-12-29 22:56:58.355 Type: SSH_FXP_LSTAT, Size: 43, Number: 263
< 2016-12-29 22:56:58.641 Type: SSH_FXP_ATTRS, Size: 46, Number: 263
. 2016-12-29 22:56:58.641 ConsoleClient.png;-;14280;2007-03-19T19:52:59.000Z;3;"" [0];"" [0];rw-------;0
. 2016-12-29 22:56:58.641 Copying 1 files/directories to local directory "C:\Program Files\Git\git\subproc"
. 2016-12-29 22:56:58.641   PrTime: Yes; PrRO: No; Rght: rw-r--r--; PrR: No (No); FnCs: N; RIC: 0100; Resume: S (102400); CalcS: No; Mask: 
. 2016-12-29 22:56:58.641   TM: B; ClAr: No; RemEOF: No; RemBOM: No; CPS: 0; NewerOnly: No; InclM: ; ResumeL: 0
. 2016-12-29 22:56:58.642   AscM: *.*html; *.htm; *.txt; *.php; *.php3; *.cgi; *.c; *.cpp; *.h; *.pas; *.bas; *.tex; *.pl; *.js; .htaccess; *.xtml; *.css; *.cfg; *.ini; *.sh; *.xml
. 2016-12-29 22:56:58.642 File: '/pub/example/ConsoleClient.png' [2007-03-19T19:52:59.000Z] [14280]
. 2016-12-29 22:56:58.642 Copying "/pub/example/ConsoleClient.png" to local directory started.
. 2016-12-29 22:56:58.642 Binary transfer mode selected.
. 2016-12-29 22:56:58.642 Opening remote file.
> 2016-12-29 22:56:58.642 Type: SSH_FXP_OPEN, Size: 48, Number: 515
< 2016-12-29 22:56:58.929 Type: SSH_FXP_HANDLE, Size: 13, Number: 515
> 2016-12-29 22:56:58.929 Type: SSH_FXP_FSTAT, Size: 17, Number: 776
< 2016-12-29 22:56:59.225 Type: SSH_FXP_ATTRS, Size: 46, Number: 776
. 2016-12-29 22:56:59.226 Confirming overwriting of file.
> 2016-12-29 22:56:59.226 Type: SSH_FXP_READ, Size: 25, Number: 1029
< 2016-12-29 22:57:00.418 Status code: 1
. 2016-12-29 22:57:00.418 3 skipped SSH_FXP_WRITE, SSH_FXP_READ, SSH_FXP_DATA and SSH_FXP_STATUS packets.
> 2016-12-29 22:57:00.418 Type: SSH_FXP_CLOSE, Size: 13, Number: 1540
. 2016-12-29 22:57:00.418 Preserving timestamp [2007-03-19T19:52:59.000Z]
. 2016-12-29 22:57:00.418 Transfer done: '/pub/example/ConsoleClient.png' [14280]
> 2016-12-29 22:57:00.419 Script: exit
. 2016-12-29 22:57:00.419 Script: Exit code: 0
. 2016-12-29 22:57:00.419 Closing connection.
. 2016-12-29 22:57:00.419 Sending special code: 12
. 2016-12-29 22:57:00.419 Sent EOF message
. 2016-12-29 22:58:29.160 --------------------------------------------------------------------------
. 2016-12-29 22:58:29.160 WinSCP Version 5.9.3 (Build 7136) (OS 10.0.14393 - Windows 10 Home)
. 2016-12-29 22:58:29.160 Configuration: HKCU\Software\Martin Prikryl\WinSCP 2\
. 2016-12-29 22:58:29.160 Log level: Normal
. 2016-12-29 22:58:29.160 Local account: THINK-MURPHYTUT\zhangst
. 2016-12-29 22:58:29.160 Working directory: C:\Program Files\Git\git\subproc
. 2016-12-29 22:58:29.160 Process ID: 3660
. 2016-12-29 22:58:29.160 Command-line: "C:\Program Files (x86)\WinSCP\WinSCP.exe" /console=593 /consoleinstance=_6896_98 "/script=C:\Program Files\Git\git\subproc\run-sftp.txt" "/log=C:\Program Files\Git\git\subproc\upload.log" 
. 2016-12-29 22:58:29.161 Time zone: Current: GMT+8 (China Standard Time), No DST
. 2016-12-29 22:58:29.161 Login time: Thursday, December 29, 2016 10:58:29 PM
. 2016-12-29 22:58:29.161 --------------------------------------------------------------------------
. 2016-12-29 22:58:29.161 Script: Retrospectively logging previous script records:
> 2016-12-29 22:58:29.161 Script: open sftp://demo:***@test.rebex.net/
. 2016-12-29 22:58:29.161 --------------------------------------------------------------------------
. 2016-12-29 22:58:29.161 Session name: demo@test.rebex.net (Ad-Hoc site)
. 2016-12-29 22:58:29.161 Host name: test.rebex.net (Port: 22)
. 2016-12-29 22:58:29.161 User name: demo (Password: Yes, Key file: No, Passphrase: No)
. 2016-12-29 22:58:29.161 Tunnel: No
. 2016-12-29 22:58:29.161 Transfer Protocol: SFTP
. 2016-12-29 22:58:29.161 Ping type: Off, Ping interval: 30 sec; Timeout: 15 sec
. 2016-12-29 22:58:29.161 Disable Nagle: No
. 2016-12-29 22:58:29.161 Proxy: None
. 2016-12-29 22:58:29.161 Send buffer: 262144
. 2016-12-29 22:58:29.161 SSH protocol version: 2; Compression: No
. 2016-12-29 22:58:29.161 Bypass authentication: No
. 2016-12-29 22:58:29.161 Try agent: Yes; Agent forwarding: No; TIS/CryptoCard: No; KI: Yes; GSSAPI: No
. 2016-12-29 22:58:29.161 Ciphers: aes,chacha20,blowfish,3des,WARN,arcfour,des; Ssh2DES: No
. 2016-12-29 22:58:29.161 KEX: ecdh,dh-gex-sha1,dh-group14-sha1,rsa,WARN,dh-group1-sha1
. 2016-12-29 22:58:29.161 SSH Bugs: Auto,Auto,Auto,Auto,Auto,Auto,Auto,Auto,Auto,Auto,Auto,Auto
. 2016-12-29 22:58:29.161 Simple channel: Yes
. 2016-12-29 22:58:29.161 Return code variable: Autodetect; Lookup user groups: Auto
. 2016-12-29 22:58:29.161 Shell: default
. 2016-12-29 22:58:29.161 EOL: LF, UTF: Auto
. 2016-12-29 22:58:29.161 Clear aliases: Yes, Unset nat.vars: Yes, Resolve symlinks: Yes; Follow directory symlinks: No
. 2016-12-29 22:58:29.161 LS: ls -la, Ign LS warn: Yes, Scp1 Comp: No
. 2016-12-29 22:58:29.161 SFTP Bugs: Auto,Auto
. 2016-12-29 22:58:29.161 SFTP Server: default
. 2016-12-29 22:58:29.161 Local directory: default, Remote directory: home, Update: Yes, Cache: Yes
. 2016-12-29 22:58:29.161 Cache directory changes: Yes, Permanent: Yes
. 2016-12-29 22:58:29.161 Recycle bin: Delete to: No, Overwritten to: No, Bin path: 
. 2016-12-29 22:58:29.162 DST mode: Unix
. 2016-12-29 22:58:29.162 --------------------------------------------------------------------------
. 2016-12-29 22:58:29.162 Looking up host "test.rebex.net" for SSH connection
. 2016-12-29 22:58:29.168 Connecting to 195.144.107.198 port 22
. 2016-12-29 22:58:29.462 We claim version: SSH-2.0-WinSCP_release_5.9.3
. 2016-12-29 22:58:29.753 Server version: SSH-2.0-RebexSSH_1.0.6194.0
. 2016-12-29 22:58:29.753 We believe remote version has SSH-2 channel request bug
. 2016-12-29 22:58:29.753 Using SSH protocol version 2
. 2016-12-29 22:58:29.753 Have a known host key of type ssh-ed25519
. 2016-12-29 22:58:29.761 Doing ECDH key exchange with curve Curve25519 and hash SHA-256
. 2016-12-29 23:02:13.968 --------------------------------------------------------------------------
. 2016-12-29 23:02:13.968 WinSCP Version 5.9.3 (Build 7136) (OS 10.0.14393 - Windows 10 Home)
. 2016-12-29 23:02:13.968 Configuration: HKCU\Software\Martin Prikryl\WinSCP 2\
. 2016-12-29 23:02:13.969 Log level: Normal
. 2016-12-29 23:02:13.969 Local account: THINK-MURPHYTUT\zhangst
. 2016-12-29 23:02:13.969 Working directory: C:\Program Files\Git\git\subproc\upload
. 2016-12-29 23:02:13.969 Process ID: 2196
. 2016-12-29 23:02:13.970 Command-line: "C:\Program Files (x86)\WinSCP\WinSCP.exe" /console=593 /consoleinstance=_1512_380 "/script=C:\Program Files\Git\git\subproc\run-sftp.txt" "/log=C:\Program Files\Git\git\subproc\upload.log" 
. 2016-12-29 23:02:13.970 Time zone: Current: GMT+8 (China Standard Time), No DST
. 2016-12-29 23:02:13.970 Login time: Thursday, December 29, 2016 11:02:13 PM
. 2016-12-29 23:02:13.970 --------------------------------------------------------------------------
. 2016-12-29 23:02:13.970 Script: Retrospectively logging previous script records:
> 2016-12-29 23:02:13.970 Script: open sftp://demo:***@test.rebex.net/
. 2016-12-29 23:02:13.970 --------------------------------------------------------------------------
. 2016-12-29 23:02:13.970 Session name: demo@test.rebex.net (Ad-Hoc site)
. 2016-12-29 23:02:13.970 Host name: test.rebex.net (Port: 22)
. 2016-12-29 23:02:13.970 User name: demo (Password: Yes, Key file: No, Passphrase: No)
. 2016-12-29 23:02:13.970 Tunnel: No
. 2016-12-29 23:02:13.970 Transfer Protocol: SFTP
. 2016-12-29 23:02:13.970 Ping type: Off, Ping interval: 30 sec; Timeout: 15 sec
. 2016-12-29 23:02:13.971 Disable Nagle: No
. 2016-12-29 23:02:13.971 Proxy: None
. 2016-12-29 23:02:13.971 Send buffer: 262144
. 2016-12-29 23:02:13.971 SSH protocol version: 2; Compression: No
. 2016-12-29 23:02:13.971 Bypass authentication: No
. 2016-12-29 23:02:13.971 Try agent: Yes; Agent forwarding: No; TIS/CryptoCard: No; KI: Yes; GSSAPI: No
. 2016-12-29 23:02:13.971 Ciphers: aes,chacha20,blowfish,3des,WARN,arcfour,des; Ssh2DES: No
. 2016-12-29 23:02:13.971 KEX: ecdh,dh-gex-sha1,dh-group14-sha1,rsa,WARN,dh-group1-sha1
. 2016-12-29 23:02:13.971 SSH Bugs: Auto,Auto,Auto,Auto,Auto,Auto,Auto,Auto,Auto,Auto,Auto,Auto
. 2016-12-29 23:02:13.971 Simple channel: Yes
. 2016-12-29 23:02:13.971 Return code variable: Autodetect; Lookup user groups: Auto
. 2016-12-29 23:02:13.971 Shell: default
. 2016-12-29 23:02:13.971 EOL: LF, UTF: Auto
. 2016-12-29 23:02:13.971 Clear aliases: Yes, Unset nat.vars: Yes, Resolve symlinks: Yes; Follow directory symlinks: No
. 2016-12-29 23:02:13.971 LS: ls -la, Ign LS warn: Yes, Scp1 Comp: No
. 2016-12-29 23:02:13.971 SFTP Bugs: Auto,Auto
. 2016-12-29 23:02:13.971 SFTP Server: default
. 2016-12-29 23:02:13.971 Local directory: default, Remote directory: home, Update: Yes, Cache: Yes
. 2016-12-29 23:02:13.971 Cache directory changes: Yes, Permanent: Yes
. 2016-12-29 23:02:13.971 Recycle bin: Delete to: No, Overwritten to: No, Bin path: 
. 2016-12-29 23:02:13.971 DST mode: Unix
. 2016-12-29 23:02:13.971 --------------------------------------------------------------------------
. 2016-12-29 23:02:13.972 Looking up host "test.rebex.net" for SSH connection
. 2016-12-29 23:02:13.994 Connecting to 195.144.107.198 port 22
. 2016-12-29 23:02:14.288 We claim version: SSH-2.0-WinSCP_release_5.9.3
. 2016-12-29 23:02:14.578 Server version: SSH-2.0-RebexSSH_1.0.6194.0
. 2016-12-29 23:02:14.578 We believe remote version has SSH-2 channel request bug
. 2016-12-29 23:02:14.578 Using SSH protocol version 2
. 2016-12-29 23:02:14.579 Have a known host key of type ssh-ed25519
. 2016-12-29 23:02:14.594 Doing ECDH key exchange with curve Curve25519 and hash SHA-256
. 2016-12-29 23:02:15.972 Server also has ecdsa-sha2-nistp256/ssh-rsa host keys, but we don't know any of them
. 2016-12-29 23:02:15.975 Host key fingerprint is:
. 2016-12-29 23:02:15.975 ssh-ed25519 256 e7:e4:45:c6:b8:e4:bb:d8:68:89:27:86:fd:01:58:f0
. 2016-12-29 23:02:15.975 Verifying host key ssh-ed25519 0x4ee8a1fd4fd98ffc 3b24c87e10b5895c 68f654f2ae25a60d e21928dc450934,0x4489710d8c91f14a 0f4d912da249df0a 54f062fce5a71b10 2ffcc7895fcc57e7  with fingerprint ssh-ed25519 256 e7:e4:45:c6:b8:e4:bb:d8:68:89:27:86:fd:01:58:f0
. 2016-12-29 23:02:15.975 Host key matches cached key
. 2016-12-29 23:02:15.976 Initialised AES-256 SDCTR client->server encryption
. 2016-12-29 23:02:15.976 Initialised HMAC-SHA-256 client->server MAC algorithm
. 2016-12-29 23:02:15.976 Initialised AES-256 SDCTR server->client encryption
. 2016-12-29 23:02:15.976 Initialised HMAC-SHA-256 server->client MAC algorithm
! 2016-12-29 23:02:16.772 Using username "demo".
. 2016-12-29 23:02:17.065 Server offered these authentication methods: password,keyboard-interactive
. 2016-12-29 23:02:17.065 Attempting keyboard-interactive authentication
. 2016-12-29 23:02:17.382 Prompt (keyboard interactive, "SSH server authentication", "Using keyboard-interactive authentication.", "Password: ")
. 2016-12-29 23:02:17.382 Using stored password.
. 2016-12-29 23:02:17.670 Access granted
. 2016-12-29 23:02:17.670 Opening session as main channel
. 2016-12-29 23:02:17.966 Opened main channel
. 2016-12-29 23:02:18.748 Started a shell/command
. 2016-12-29 23:02:18.749 --------------------------------------------------------------------------
. 2016-12-29 23:02:18.749 Using SFTP protocol.
. 2016-12-29 23:02:18.749 Doing startup conversation with host.
> 2016-12-29 23:02:18.749 Type: SSH_FXP_INIT, Size: 5, Number: -1
< 2016-12-29 23:02:19.041 Type: SSH_FXP_VERSION, Size: 22, Number: -1
. 2016-12-29 23:02:19.041 SFTP version 4 negotiated.
. 2016-12-29 23:02:19.041 Server requests EOL sequence "\r\n".
. 2016-12-29 23:02:19.041 We will use UTF-8 strings as it is mandatory with SFTP version 4 and newer
. 2016-12-29 23:02:19.041 Getting current directory name.
. 2016-12-29 23:02:19.041 Getting real path for '.'
> 2016-12-29 23:02:19.041 Type: SSH_FXP_REALPATH, Size: 10, Number: 16
< 2016-12-29 23:02:19.333 Type: SSH_FXP_NAME, Size: 19, Number: 16
. 2016-12-29 23:02:19.333 Real path is '/'
. 2016-12-29 23:02:19.333 Startup conversation with host finished.
< 2016-12-29 23:02:19.333 Script: Active session: [1] demo@test.rebex.net
> 2016-12-29 23:02:19.334 Script: cd pub/example
. 2016-12-29 23:02:19.334 Cached directory change via "pub/example" to "/pub/example".
. 2016-12-29 23:02:19.334 Getting current directory name.
< 2016-12-29 23:02:19.334 Script: /pub/example
> 2016-12-29 23:02:19.335 Script: get ConsoleClient.png
. 2016-12-29 23:02:19.335 Listing file "ConsoleClient.png".
> 2016-12-29 23:02:19.335 Type: SSH_FXP_LSTAT, Size: 43, Number: 263
< 2016-12-29 23:02:19.633 Type: SSH_FXP_ATTRS, Size: 46, Number: 263
. 2016-12-29 23:02:19.634 ConsoleClient.png;-;14280;2007-03-19T19:52:59.000Z;3;"" [0];"" [0];rw-------;0
. 2016-12-29 23:02:19.634 Copying 1 files/directories to local directory "C:\Program Files\Git\git\subproc\upload"
. 2016-12-29 23:02:19.634   PrTime: Yes; PrRO: No; Rght: rw-r--r--; PrR: No (No); FnCs: N; RIC: 0100; Resume: S (102400); CalcS: No; Mask: 
. 2016-12-29 23:02:19.634   TM: B; ClAr: No; RemEOF: No; RemBOM: No; CPS: 0; NewerOnly: No; InclM: ; ResumeL: 0
. 2016-12-29 23:02:19.634   AscM: *.*html; *.htm; *.txt; *.php; *.php3; *.cgi; *.c; *.cpp; *.h; *.pas; *.bas; *.tex; *.pl; *.js; .htaccess; *.xtml; *.css; *.cfg; *.ini; *.sh; *.xml
. 2016-12-29 23:02:19.634 File: '/pub/example/ConsoleClient.png' [2007-03-19T19:52:59.000Z] [14280]
. 2016-12-29 23:02:19.635 Copying "/pub/example/ConsoleClient.png" to local directory started.
. 2016-12-29 23:02:19.635 Binary transfer mode selected.
. 2016-12-29 23:02:19.635 Opening remote file.
> 2016-12-29 23:02:19.635 Type: SSH_FXP_OPEN, Size: 48, Number: 515
< 2016-12-29 23:02:19.929 Type: SSH_FXP_HANDLE, Size: 13, Number: 515
> 2016-12-29 23:02:19.929 Type: SSH_FXP_FSTAT, Size: 17, Number: 776
< 2016-12-29 23:02:20.218 Type: SSH_FXP_ATTRS, Size: 46, Number: 776
> 2016-12-29 23:02:20.219 Type: SSH_FXP_READ, Size: 25, Number: 1029
< 2016-12-29 23:02:21.439 Status code: 1
. 2016-12-29 23:02:21.439 3 skipped SSH_FXP_WRITE, SSH_FXP_READ, SSH_FXP_DATA and SSH_FXP_STATUS packets.
> 2016-12-29 23:02:21.439 Type: SSH_FXP_CLOSE, Size: 13, Number: 1540
. 2016-12-29 23:02:21.440 Preserving timestamp [2007-03-19T19:52:59.000Z]
. 2016-12-29 23:02:21.440 Transfer done: '/pub/example/ConsoleClient.png' [14280]
> 2016-12-29 23:02:21.440 Script: exit
. 2016-12-29 23:02:21.440 Script: Exit code: 0
. 2016-12-29 23:02:21.440 Closing connection.
. 2016-12-29 23:02:21.440 Sending special code: 12
. 2016-12-29 23:02:21.441 Sent EOF message
. 2016-12-29 23:06:00.370 --------------------------------------------------------------------------
. 2016-12-29 23:06:00.371 WinSCP Version 5.9.3 (Build 7136) (OS 10.0.14393 - Windows 10 Home)
. 2016-12-29 23:06:00.371 Configuration: HKCU\Software\Martin Prikryl\WinSCP 2\
. 2016-12-29 23:06:00.371 Log level: Normal
. 2016-12-29 23:06:00.371 Local account: THINK-MURPHYTUT\zhangst
. 2016-12-29 23:06:00.371 Working directory: C:\Program Files\Git\git\subproc
. 2016-12-29 23:06:00.371 Process ID: 5412
. 2016-12-29 23:06:00.371 Command-line: "C:\Program Files (x86)\WinSCP\WinSCP.exe" /console=593 /consoleinstance=_7956_445 "/script=C:\Program Files\Git\git\subproc\run-sftp.txt" "/log=C:\Program Files\Git\git\subproc\upload.log" 
. 2016-12-29 23:06:00.371 Time zone: Current: GMT+8 (China Standard Time), No DST
. 2016-12-29 23:06:00.371 Login time: Thursday, December 29, 2016 11:06:00 PM
. 2016-12-29 23:06:00.371 --------------------------------------------------------------------------
. 2016-12-29 23:06:00.372 Script: Retrospectively logging previous script records:
> 2016-12-29 23:06:00.372 Script: open sftp://demo:***@test.rebex.net/
. 2016-12-29 23:06:00.372 --------------------------------------------------------------------------
. 2016-12-29 23:06:00.372 Session name: demo@test.rebex.net (Ad-Hoc site)
. 2016-12-29 23:06:00.372 Host name: test.rebex.net (Port: 22)
. 2016-12-29 23:06:00.372 User name: demo (Password: Yes, Key file: No, Passphrase: No)
. 2016-12-29 23:06:00.372 Tunnel: No
. 2016-12-29 23:06:00.372 Transfer Protocol: SFTP
. 2016-12-29 23:06:00.372 Ping type: Off, Ping interval: 30 sec; Timeout: 15 sec
. 2016-12-29 23:06:00.372 Disable Nagle: No
. 2016-12-29 23:06:00.372 Proxy: None
. 2016-12-29 23:06:00.372 Send buffer: 262144
. 2016-12-29 23:06:00.372 SSH protocol version: 2; Compression: No
. 2016-12-29 23:06:00.372 Bypass authentication: No
. 2016-12-29 23:06:00.372 Try agent: Yes; Agent forwarding: No; TIS/CryptoCard: No; KI: Yes; GSSAPI: No
. 2016-12-29 23:06:00.372 Ciphers: aes,chacha20,blowfish,3des,WARN,arcfour,des; Ssh2DES: No
. 2016-12-29 23:06:00.372 KEX: ecdh,dh-gex-sha1,dh-group14-sha1,rsa,WARN,dh-group1-sha1
. 2016-12-29 23:06:00.372 SSH Bugs: Auto,Auto,Auto,Auto,Auto,Auto,Auto,Auto,Auto,Auto,Auto,Auto
. 2016-12-29 23:06:00.372 Simple channel: Yes
. 2016-12-29 23:06:00.372 Return code variable: Autodetect; Lookup user groups: Auto
. 2016-12-29 23:06:00.372 Shell: default
. 2016-12-29 23:06:00.372 EOL: LF, UTF: Auto
. 2016-12-29 23:06:00.372 Clear aliases: Yes, Unset nat.vars: Yes, Resolve symlinks: Yes; Follow directory symlinks: No
. 2016-12-29 23:06:00.372 LS: ls -la, Ign LS warn: Yes, Scp1 Comp: No
. 2016-12-29 23:06:00.372 SFTP Bugs: Auto,Auto
. 2016-12-29 23:06:00.372 SFTP Server: default
. 2016-12-29 23:06:00.372 Local directory: default, Remote directory: home, Update: Yes, Cache: Yes
. 2016-12-29 23:06:00.372 Cache directory changes: Yes, Permanent: Yes
. 2016-12-29 23:06:00.372 Recycle bin: Delete to: No, Overwritten to: No, Bin path: 
. 2016-12-29 23:06:00.372 DST mode: Unix
. 2016-12-29 23:06:00.372 --------------------------------------------------------------------------
. 2016-12-29 23:06:00.373 Looking up host "test.rebex.net" for SSH connection
. 2016-12-29 23:06:00.379 Connecting to 195.144.107.198 port 22
. 2016-12-29 23:06:00.691 We claim version: SSH-2.0-WinSCP_release_5.9.3
. 2016-12-29 23:06:00.999 Server version: SSH-2.0-RebexSSH_1.0.6194.0
. 2016-12-29 23:06:00.999 We believe remote version has SSH-2 channel request bug
. 2016-12-29 23:06:00.999 Using SSH protocol version 2
. 2016-12-29 23:06:00.999 Have a known host key of type ssh-ed25519
. 2016-12-29 23:06:01.011 Doing ECDH key exchange with curve Curve25519 and hash SHA-256
. 2016-12-29 23:06:02.519 Server also has ecdsa-sha2-nistp256/ssh-rsa host keys, but we don't know any of them
. 2016-12-29 23:06:02.521 Host key fingerprint is:
. 2016-12-29 23:06:02.522 ssh-ed25519 256 e7:e4:45:c6:b8:e4:bb:d8:68:89:27:86:fd:01:58:f0
. 2016-12-29 23:06:02.522 Verifying host key ssh-ed25519 0x4ee8a1fd4fd98ffc 3b24c87e10b5895c 68f654f2ae25a60d e21928dc450934,0x4489710d8c91f14a 0f4d912da249df0a 54f062fce5a71b10 2ffcc7895fcc57e7  with fingerprint ssh-ed25519 256 e7:e4:45:c6:b8:e4:bb:d8:68:89:27:86:fd:01:58:f0
. 2016-12-29 23:06:02.522 Host key matches cached key
. 2016-12-29 23:06:02.522 Initialised AES-256 SDCTR client->server encryption
. 2016-12-29 23:06:02.522 Initialised HMAC-SHA-256 client->server MAC algorithm
. 2016-12-29 23:06:02.522 Initialised AES-256 SDCTR server->client encryption
. 2016-12-29 23:06:02.522 Initialised HMAC-SHA-256 server->client MAC algorithm
! 2016-12-29 23:06:03.319 Using username "demo".
. 2016-12-29 23:06:03.609 Server offered these authentication methods: password,keyboard-interactive
. 2016-12-29 23:06:03.609 Attempting keyboard-interactive authentication
. 2016-12-29 23:06:03.920 Prompt (keyboard interactive, "SSH server authentication", "Using keyboard-interactive authentication.", "Password: ")
. 2016-12-29 23:06:03.920 Using stored password.
. 2016-12-29 23:06:04.209 Access granted
. 2016-12-29 23:06:04.209 Opening session as main channel
. 2016-12-29 23:06:04.498 Opened main channel
. 2016-12-29 23:06:05.293 Started a shell/command
. 2016-12-29 23:06:05.293 --------------------------------------------------------------------------
. 2016-12-29 23:06:05.293 Using SFTP protocol.
. 2016-12-29 23:06:05.293 Doing startup conversation with host.
> 2016-12-29 23:06:05.293 Type: SSH_FXP_INIT, Size: 5, Number: -1
< 2016-12-29 23:06:05.582 Type: SSH_FXP_VERSION, Size: 22, Number: -1
. 2016-12-29 23:06:05.582 SFTP version 4 negotiated.
. 2016-12-29 23:06:05.582 Server requests EOL sequence "\r\n".
. 2016-12-29 23:06:05.582 We will use UTF-8 strings as it is mandatory with SFTP version 4 and newer
. 2016-12-29 23:06:05.582 Getting current directory name.
. 2016-12-29 23:06:05.582 Getting real path for '.'
> 2016-12-29 23:06:05.582 Type: SSH_FXP_REALPATH, Size: 10, Number: 16
< 2016-12-29 23:06:05.889 Type: SSH_FXP_NAME, Size: 19, Number: 16
. 2016-12-29 23:06:05.889 Real path is '/'
. 2016-12-29 23:06:05.889 Startup conversation with host finished.
< 2016-12-29 23:06:05.890 Script: Active session: [1] demo@test.rebex.net
> 2016-12-29 23:06:05.890 Script: cd pub/example
. 2016-12-29 23:06:05.890 Cached directory change via "pub/example" to "/pub/example".
. 2016-12-29 23:06:05.890 Getting current directory name.
< 2016-12-29 23:06:05.890 Script: /pub/example
> 2016-12-29 23:06:05.891 Script: get ConsoleClient.png
. 2016-12-29 23:06:05.891 Listing file "ConsoleClient.png".
> 2016-12-29 23:06:05.891 Type: SSH_FXP_LSTAT, Size: 43, Number: 263
< 2016-12-29 23:06:06.213 Type: SSH_FXP_ATTRS, Size: 46, Number: 263
. 2016-12-29 23:06:06.213 ConsoleClient.png;-;14280;2007-03-19T19:52:59.000Z;3;"" [0];"" [0];rw-------;0
. 2016-12-29 23:06:06.214 Copying 1 files/directories to local directory "C:\Program Files\Git\git\subproc"
. 2016-12-29 23:06:06.214   PrTime: Yes; PrRO: No; Rght: rw-r--r--; PrR: No (No); FnCs: N; RIC: 0100; Resume: S (102400); CalcS: No; Mask: 
. 2016-12-29 23:06:06.214   TM: B; ClAr: No; RemEOF: No; RemBOM: No; CPS: 0; NewerOnly: No; InclM: ; ResumeL: 0
. 2016-12-29 23:06:06.214   AscM: *.*html; *.htm; *.txt; *.php; *.php3; *.cgi; *.c; *.cpp; *.h; *.pas; *.bas; *.tex; *.pl; *.js; .htaccess; *.xtml; *.css; *.cfg; *.ini; *.sh; *.xml
. 2016-12-29 23:06:06.214 File: '/pub/example/ConsoleClient.png' [2007-03-19T19:52:59.000Z] [14280]
. 2016-12-29 23:06:06.214 Copying "/pub/example/ConsoleClient.png" to local directory started.
. 2016-12-29 23:06:06.214 Binary transfer mode selected.
. 2016-12-29 23:06:06.214 Opening remote file.
> 2016-12-29 23:06:06.214 Type: SSH_FXP_OPEN, Size: 48, Number: 515
< 2016-12-29 23:06:06.534 Type: SSH_FXP_HANDLE, Size: 13, Number: 515
> 2016-12-29 23:06:06.534 Type: SSH_FXP_FSTAT, Size: 17, Number: 776
< 2016-12-29 23:06:06.941 Type: SSH_FXP_ATTRS, Size: 46, Number: 776
. 2016-12-29 23:06:06.942 Confirming overwriting of file.
> 2016-12-29 23:06:06.942 Type: SSH_FXP_READ, Size: 25, Number: 1029
< 2016-12-29 23:06:08.210 Status code: 1
. 2016-12-29 23:06:08.211 3 skipped SSH_FXP_WRITE, SSH_FXP_READ, SSH_FXP_DATA and SSH_FXP_STATUS packets.
> 2016-12-29 23:06:08.211 Type: SSH_FXP_CLOSE, Size: 13, Number: 1540
. 2016-12-29 23:06:08.211 Preserving timestamp [2007-03-19T19:52:59.000Z]
. 2016-12-29 23:06:08.211 Transfer done: '/pub/example/ConsoleClient.png' [14280]
> 2016-12-29 23:06:08.211 Script: exit
. 2016-12-29 23:06:08.212 Script: Exit code: 0
. 2016-12-29 23:06:08.212 Closing connection.
. 2016-12-29 23:06:08.212 Sending special code: 12
. 2016-12-29 23:06:08.212 Sent EOF message
